Terminal log file
Date: 04.02.2021 - 13:00:12
-----------------------------------------------
13:00:12 - DAY TIME
13:00:13 - DAY TIME
Sensor: 23.0*C, 32.8%
[ERR] MQTT publish failed: -2
Disconnecting from WiFi...
Connecting to WiFi (UPC865E232,RM4yvcnxjurh)...
Connection timeout.
[ERR] NTP synchronization failed: -2
stack: 2048 out of 8192
GC: total: 36288, used: 24848, free: 11440
 No. of 1-blocks: 288, 2-blocks: 58, max blk sz: 264, max free sz: 233
13:00:31 - DAY TIME
Sensor: 22.9*C, 32.8%
13:00:31 - DAY TIME
13:00:32 - DAY TIME
13:00:33 - DAY TIME
Sensor: 23.0*C, 32.8%
stack: 2048 out of 8192
GC: total: 36288, used: 24864, free: 11424
 No. of 1-blocks: 289, 2-blocks: 58, max blk sz: 264, max free sz: 233
13:00:34 - DAY TIME
13:00:35 - DAY TIME
13:00:36 - DAY TIME
13:00:37 - DAY TIME
13:00:38 - DAY TIME
Sensor: 22.9*C, 32.8%
13:00:39 - DAY TIME
13:00:40 - DAY TIME
13:00:41 - DAY TIME
13:00:42 - DAY TIME
13:00:43 - DAY TIME
Sensor: 22.9*C, 32.8%
stack: 2048 out of 8192
GC: total: 36288, used: 24864, free: 11424
 No. of 1-blocks: 289, 2-blocks: 58, max blk sz: 264, max free sz: 233
13:00:44 - DAY TIME
13:00:45 - DAY TIME
13:00:46 - DAY TIME
13:00:47 - DAY TIME
13:00:48 - DAY TIME
Sensor: 22.9*C, 32.9%
13:00:49 - DAY TIME
13:00:50 - DAY TIME
13:00:51 - DAY TIME
13:00:52 - DAY TIME
13:00:53 - DAY TIME
Sensor: 22.9*C, 32.9%
stack: 2048 out of 8192
GC: total: 36288, used: 24864, free: 11424
 No. of 1-blocks: 289, 2-blocks: 58, max blk sz: 264, max free sz: 233
13:00:54 - DAY TIME
13:00:55 - DAY TIME
13:00:56 - DAY TIME
13:00:57 - DAY TIME
13:00:58 - DAY TIME
Sensor: 22.9*C, 32.9%
13:00:59 - DAY TIME
13:01:00 - DAY TIME
13:01:01 - DAY TIME
13:01:02 - DAY TIME
13:01:03 - DAY TIME
Sensor: 22.9*C, 32.9%
stack: 2048 out of 8192
GC: total: 36288, used: 24864, free: 11424
 No. of 1-blocks: 289, 2-blocks: 58, max blk sz: 264, max free sz: 233
13:01:04 - DAY TIME
13:01:05 - DAY TIME
13:01:06 - DAY TIME
13:01:07 - DAY TIME
13:01:08 - DAY TIME
Sensor: 22.9*C, 32.9%
13:01:09 - DAY TIME
13:01:10 - DAY TIME
13:01:11 - DAY TIME
13:01:12 - DAY TIME
13:01:13 - DAY TIME
Sensor: 22.9*C, 32.9%
[ERR] MQTT publish failed: -2
Disconnecting from WiFi...
Connecting to WiFi (UPC865E232,RM4yvcnxjurh)...
Connection timeout.
[ERR] NTP synchronization failed: -2
stack: 2048 out of 8192
GC: total: 36288, used: 24848, free: 11440
 No. of 1-blocks: 288, 2-blocks: 58, max blk sz: 264, max free sz: 233
13:01:31 - DAY TIME
Sensor: 22.9*C, 32.9%
13:01:32 - DAY TIME
13:01:32 - DAY TIME
13:01:33 - DAY TIME
Sensor: 22.9*C, 33.0%
stack: 2048 out of 8192
GC: total: 36288, used: 24864, free: 11424
 No. of 1-blocks: 289, 2-blocks: 58, max blk sz: 264, max free sz: 233
13:01:34 - DAY TIME
13:01:35 - DAY TIME
13:01:36 - DAY TIME
13:01:37 - DAY TIME
13:01:38 - DAY TIME
Sensor: 22.9*C, 33.0%
13:01:39 - DAY TIME
13:01:40 - DAY TIME
13:01:41 - DAY TIME
13:01:42 - DAY TIME
13:01:43 - DAY TIME
Sensor: 22.9*C, 33.2%
stack: 2048 out of 8192
GC: total: 36288, used: 24864, free: 11424
 No. of 1-blocks: 289, 2-blocks: 58, max blk sz: 264, max free sz: 233
13:01:44 - DAY TIME
13:01:45 - DAY TIME
13:01:46 - DAY TIME
13:01:47 - DAY TIME
13:01:48 - DAY TIME
Sensor: 22.9*C, 33.2%
13:01:49 - DAY TIME
13:01:50 - DAY TIME
13:01:51 - DAY TIME
13:01:52 - DAY TIME
13:01:53 - DAY TIME
Sensor: 22.9*C, 33.2%
stack: 2048 out of 8192
GC: total: 36288, used: 24864, free: 11424
 No. of 1-blocks: 289, 2-blocks: 58, max blk sz: 264, max free sz: 233
13:01:54 - DAY TIME
13:01:55 - DAY TIME
13:01:56 - DAY TIME
13:01:57 - DAY TIME
13:01:58 - DAY TIME
Sensor: 22.9*C, 33.1%
13:01:59 - DAY TIME
13:02:00 - DAY TIME
13:02:01 - DAY TIME
13:02:02 - DAY TIME
13:02:03 - DAY TIME
Sensor: 22.9*C, 33.1%
stack: 2048 out of 8192
GC: total: 36288, used: 24864, free: 11424
 No. of 1-blocks: 289, 2-blocks: 58, max blk sz: 264, max free sz: 233
13:02:04 - DAY TIME
13:02:05 - DAY TIME
13:02:06 - DAY TIME
13:02:07 - DAY TIME
13:02:08 - DAY TIME
Sensor: 22.9*C, 33.1%
13:02:09 - DAY TIME
13:02:10 - DAY TIME
13:02:11 - DAY TIME
13:02:12 - DAY TIME
13:02:13 - DAY TIME
Sensor: 22.9*C, 33.1%
[ERR] MQTT publish failed: -2
Disconnecting from WiFi...
Connecting to WiFi (UPC865E232,RM4yvcnxjurh)...
Connection timeout.
[ERR] NTP synchronization failed: -2
stack: 2048 out of 8192
GC: total: 36288, used: 24848, free: 11440
 No. of 1-blocks: 288, 2-blocks: 58, max blk sz: 264, max free sz: 233
13:02:31 - DAY TIME
Sensor: 22.9*C, 33.1%
13:02:31 - DAY TIME
13:02:32 - DAY TIME
13:02:33 - DAY TIME
Sensor: 22.9*C, 33.1%
stack: 2048 out of 8192
GC: total: 36288, used: 24864, free: 11424
 No. of 1-blocks: 289, 2-blocks: 58, max blk sz: 264, max free sz: 233
13:02:34 - DAY TIME
13:02:35 - DAY TIME
13:02:36 - DAY TIME
13:02:37 - DAY TIME
13:02:38 - DAY TIME
Sensor: 22.9*C, 33.1%
13:02:39 - DAY TIME
13:02:40 - DAY TIME
13:02:41 - DAY TIME
13:02:42 - DAY TIME
13:02:43 - DAY TIME
Sensor: 22.9*C, 33.1%
stack: 2048 out of 8192
GC: total: 36288, used: 24864, free: 11424
 No. of 1-blocks: 289, 2-blocks: 58, max blk sz: 264, max free sz: 233
13:02:44 - DAY TIME
13:02:45 - DAY TIME
13:02:46 - DAY TIME
13:02:47 - DAY TIME
13:02:48 - DAY TIME
Sensor: 22.9*C, 34.0%
13:02:49 - DAY TIME
13:02:50 - DAY TIME
13:02:51 - DAY TIME
13:02:52 - DAY TIME
13:02:53 - DAY TIME
Sensor: 22.9*C, 33.8%
stack: 2048 out of 8192
GC: total: 36288, used: 24864, free: 11424
 No. of 1-blocks: 289, 2-blocks: 58, max blk sz: 264, max free sz: 233
13:02:54 - DAY TIME
13:02:55 - DAY TIME
13:02:56 - DAY TIME
13:02:57 - DAY TIME
13:02:58 - DAY TIME
Sensor: 22.9*C, 33.7%
13:02:59 - DAY TIME
13:03:00 - DAY TIME
13:03:01 - DAY TIME
13:03:02 - DAY TIME
13:03:03 - DAY TIME
Sensor: 22.9*C, 33.5%
stack: 2048 out of 8192
GC: total: 36288, used: 24864, free: 11424
 No. of 1-blocks: 289, 2-blocks: 58, max blk sz: 264, max free sz: 233
13:03:04 - DAY TIME
13:03:05 - DAY TIME
13:03:06 - DAY TIME
13:03:07 - DAY TIME
13:03:08 - DAY TIME
Sensor: 22.9*C, 33.4%
13:03:09 - DAY TIME
13:03:10 - DAY TIME
13:03:11 - DAY TIME
13:03:12 - DAY TIME
13:03:13 - DAY TIME
Sensor: 22.9*C, 33.3%
[ERR] MQTT publish failed: -2
Disconnecting from WiFi...
Connecting to WiFi (UPC865E232,RM4yvcnxjurh)...
Connection timeout.
[ERR] NTP synchronization failed: -2
stack: 2048 out of 8192
GC: total: 36288, used: 24848, free: 11440
 No. of 1-blocks: 288, 2-blocks: 58, max blk sz: 264, max free sz: 233
13:03:31 - DAY TIME
Sensor: 22.9*C, 33.3%
13:03:32 - DAY TIME
13:03:32 - DAY TIME
13:03:33 - DAY TIME
Sensor: 22.9*C, 33.1%
stack: 2048 out of 8192
GC: total: 36288, used: 24864, free: 11424
 No. of 1-blocks: 289, 2-blocks: 58, max blk sz: 264, max free sz: 233
13:03:34 - DAY TIME
13:03:35 - DAY TIME
13:03:36 - DAY TIME
13:03:37 - DAY TIME
13:03:38 - DAY TIME
Sensor: 22.9*C, 33.1%
13:03:39 - DAY TIME
13:03:40 - DAY TIME
13:03:41 - DAY TIME
13:03:42 - DAY TIME
13:03:43 - DAY TIME
Sensor: 22.9*C, 33.1%
stack: 2048 out of 8192
GC: total: 36288, used: 24864, free: 11424
 No. of 1-blocks: 289, 2-blocks: 58, max blk sz: 264, max free sz: 233
13:03:44 - DAY TIME
13:03:45 - DAY TIME
13:03:46 - DAY TIME
13:03:47 - DAY TIME
13:03:48 - DAY TIME
Sensor: 22.9*C, 33.0%
13:03:49 - DAY TIME
13:03:50 - DAY TIME
13:03:51 - DAY TIME
13:03:52 - DAY TIME
13:03:54 - DAY TIME
Sensor: 22.9*C, 33.0%
stack: 2048 out of 8192
GC: total: 36288, used: 24864, free: 11424
 No. of 1-blocks: 289, 2-blocks: 58, max blk sz: 264, max free sz: 233
13:03:55 - DAY TIME
13:03:56 - DAY TIME
13:03:57 - DAY TIME
13:03:58 - DAY TIME
13:03:59 - DAY TIME
Sensor: 22.9*C, 33.0%
13:04:00 - DAY TIME
13:04:01 - DAY TIME
13:04:02 - DAY TIME
13:04:03 - DAY TIME
13:04:04 - DAY TIME
Sensor: 22.9*C, 33.0%
stack: 2048 out of 8192
GC: total: 36288, used: 24864, free: 11424
 No. of 1-blocks: 289, 2-blocks: 58, max blk sz: 264, max free sz: 233
13:04:05 - DAY TIME
13:04:06 - DAY TIME
13:04:07 - DAY TIME
13:04:08 - DAY TIME
13:04:09 - DAY TIME
Sensor: 22.9*C, 32.9%
13:04:10 - DAY TIME
13:04:11 - DAY TIME
13:04:12 - DAY TIME
13:04:13 - DAY TIME
stack: 2048 out of 8192
GC: total: 36288, used: 24880, free: 11408
 No. of 1-blocks: 288, 2-blocks: 59, max blk sz: 264, max free sz: 233
13:04:14 - DAY TIME
Sensor: 22.9*C, 32.9%
[ERR] MQTT publish failed: -2
Disconnecting from WiFi...
Connecting to WiFi (UPC865E232,RM4yvcnxjurh)...
Connection timeout.
[ERR] NTP synchronization failed: -2
stack: 2048 out of 8192
GC: total: 36288, used: 24848, free: 11440
 No. of 1-blocks: 288, 2-blocks: 58, max blk sz: 264, max free sz: 233
13:04:32 - DAY TIME
Sensor: 22.9*C, 32.9%
13:04:33 - DAY TIME
13:04:34 - DAY TIME
Sensor: 22.9*C, 32.8%
stack: 2048 out of 8192
GC: total: 36288, used: 24864, free: 11424
 No. of 1-blocks: 289, 2-blocks: 58, max blk sz: 264, max free sz: 233
13:04:35 - DAY TIME
13:04:36 - DAY TIME
13:04:37 - DAY TIME
13:04:38 - DAY TIME
13:04:39 - DAY TIME
Sensor: 22.9*C, 32.8%
13:04:40 - DAY TIME
13:04:41 - DAY TIME
13:04:42 - DAY TIME
13:04:43 - DAY TIME
13:04:44 - DAY TIME
Sensor: 22.9*C, 32.8%
stack: 2048 out of 8192
GC: total: 36288, used: 24864, free: 11424
 No. of 1-blocks: 289, 2-blocks: 58, max blk sz: 264, max free sz: 233
13:04:45 - DAY TIME
13:04:46 - DAY TIME
13:04:47 - DAY TIME
13:04:48 - DAY TIME
13:04:49 - DAY TIME
Sensor: 22.9*C, 32.8%
13:04:50 - DAY TIME
13:04:51 - DAY TIME
13:04:52 - DAY TIME
13:04:53 - DAY TIME
13:04:54 - DAY TIME
Sensor: 22.9*C, 32.8%
stack: 2048 out of 8192
GC: total: 36288, used: 24864, free: 11424
 No. of 1-blocks: 289, 2-blocks: 58, max blk sz: 264, max free sz: 233
13:04:55 - DAY TIME
13:04:56 - DAY TIME
13:04:57 - DAY TIME
13:04:58 - DAY TIME
13:04:59 - DAY TIME
Sensor: 22.9*C, 32.8%
13:05:00 - DAY TIME
13:05:01 - DAY TIME
13:05:02 - DAY TIME
13:05:03 - DAY TIME
13:05:04 - DAY TIME
Sensor: 22.9*C, 32.8%
stack: 2048 out of 8192
GC: total: 36288, used: 24864, free: 11424
 No. of 1-blocks: 289, 2-blocks: 58, max blk sz: 264, max free sz: 233
13:05:05 - DAY TIME
13:05:06 - DAY TIME
13:05:07 - DAY TIME
13:05:08 - DAY TIME
13:05:09 - DAY TIME
Sensor: 22.9*C, 32.8%
13:05:10 - DAY TIME
13:05:11 - DAY TIME
13:05:12 - DAY TIME
13:05:13 - DAY TIME
13:05:14 - DAY TIME
Sensor: 22.9*C, 32.8%
[ERR] MQTT publish failed: -2
Disconnecting from WiFi...
Connecting to WiFi (UPC865E232,RM4yvcnxjurh)...
Connection timeout.
[ERR] NTP synchronization failed: -2
stack: 2048 out of 8192
GC: total: 36288, used: 24848, free: 11440
 No. of 1-blocks: 288, 2-blocks: 58, max blk sz: 264, max free sz: 233
13:05:19 - DAY TIME
Sensor: 22.9*C, 32.8%
13:05:20 - DAY TIME
13:05:21 - DAY TIME
13:05:22 - DAY TIME
13:05:23 - DAY TIME
13:05:24 - DAY TIME
Sensor: 22.9*C, 32.8%
stack: 2048 out of 8192
GC: total: 36288, used: 24864, free: 11424
 No. of 1-blocks: 289, 2-blocks: 58, max blk sz: 264, max free sz: 233
13:05:25 - DAY TIME
13:05:26 - DAY TIME
13:05:27 - DAY TIME
13:05:28 - DAY TIME
13:05:29 - DAY TIME
Sensor: 22.8*C, 32.7%
13:05:30 - DAY TIME
13:05:31 - DAY TIME
13:05:32 - DAY TIME
13:05:33 - DAY TIME
13:05:34 - DAY TIME
Sensor: 22.8*C, 32.8%
stack: 2048 out of 8192
GC: total: 36288, used: 24864, free: 11424
 No. of 1-blocks: 289, 2-blocks: 58, max blk sz: 264, max free sz: 233
13:05:35 - DAY TIME
13:05:36 - DAY TIME
13:05:37 - DAY TIME
13:05:38 - DAY TIME
13:05:39 - DAY TIME
Sensor: 22.8*C, 32.9%
13:05:40 - DAY TIME
13:05:41 - DAY TIME
13:05:42 - DAY TIME
13:05:43 - DAY TIME
13:05:44 - DAY TIME
Sensor: 22.8*C, 32.9%
stack: 2048 out of 8192
GC: total: 36288, used: 24864, free: 11424
 No. of 1-blocks: 289, 2-blocks: 58, max blk sz: 264, max free sz: 233
13:05:45 - DAY TIME
13:05:46 - DAY TIME
13:05:47 - DAY TIME
13:05:48 - DAY TIME
13:05:49 - DAY TIME
Sensor: 22.8*C, 32.9%
13:05:50 - DAY TIME
13:05:51 - DAY TIME
13:05:52 - DAY TIME
13:05:53 - DAY TIME
13:05:54 - DAY TIME
Sensor: 22.8*C, 33.0%
stack: 2048 out of 8192
GC: total: 36288, used: 24864, free: 11424
 No. of 1-blocks: 289, 2-blocks: 58, max blk sz: 264, max free sz: 233
13:05:55 - DAY TIME
13:05:56 - DAY TIME
13:05:57 - DAY TIME
13:05:58 - DAY TIME
13:05:59 - DAY TIME
Sensor: 22.8*C, 33.0%
13:06:00 - DAY TIME
13:06:01 - DAY TIME
13:06:02 - DAY TIME
13:06:03 - DAY TIME
13:06:04 - DAY TIME
Sensor: 22.8*C, 33.1%
stack: 2048 out of 8192
GC: total: 36288, used: 24864, free: 11424
 No. of 1-blocks: 289, 2-blocks: 58, max blk sz: 264, max free sz: 233
13:06:05 - DAY TIME
13:06:06 - DAY TIME
13:06:07 - DAY TIME
13:06:08 - DAY TIME
13:06:09 - DAY TIME
Sensor: 22.8*C, 33.1%
13:06:10 - DAY TIME
13:06:11 - DAY TIME
13:06:12 - DAY TIME
13:06:13 - DAY TIME
13:06:14 - DAY TIME
Sensor: 22.8*C, 33.1%
Message published (22.83*C, 32.95%)
NTP synchronization completed.
stack: 2048 out of 8192
GC: total: 36288, used: 24848, free: 11440
 No. of 1-blocks: 288, 2-blocks: 58, max blk sz: 264, max free sz: 233
13:06:15 - DAY TIME
13:06:15 - DAY TIME
13:06:16 - DAY TIME
13:06:17 - DAY TIME
13:06:18 - DAY TIME
Sensor: 22.8*C, 33.1%
13:06:19 - DAY TIME
13:06:20 - DAY TIME
13:06:21 - DAY TIME
13:06:22 - DAY TIME
13:06:23 - DAY TIME
Sensor: 22.8*C, 33.1%
stack: 2048 out of 8192
GC: total: 36288, used: 24864, free: 11424
 No. of 1-blocks: 289, 2-blocks: 58, max blk sz: 264, max free sz: 233
13:06:24 - DAY TIME
13:06:25 - DAY TIME
13:06:26 - DAY TIME
13:06:27 - DAY TIME
13:06:28 - DAY TIME
Sensor: 22.8*C, 33.1%
13:06:29 - DAY TIME
13:06:30 - DAY TIME
13:06:31 - DAY TIME
13:06:32 - DAY TIME
13:06:33 - DAY TIME
Sensor: 22.8*C, 33.1%
stack: 2048 out of 8192
GC: total: 36288, used: 24864, free: 11424
 No. of 1-blocks: 289, 2-blocks: 58, max blk sz: 264, max free sz: 233
13:06:34 - DAY TIME
13:06:35 - DAY TIME
13:06:36 - DAY TIME
13:06:37 - DAY TIME
13:06:38 - DAY TIME
Sensor: 22.8*C, 33.1%
13:06:39 - DAY TIME
13:06:40 - DAY TIME
13:06:41 - DAY TIME
13:06:42 - DAY TIME
13:06:43 - DAY TIME
Sensor: 22.8*C, 33.1%
stack: 2048 out of 8192
GC: total: 36288, used: 24864, free: 11424
 No. of 1-blocks: 289, 2-blocks: 58, max blk sz: 264, max free sz: 233
13:06:44 - DAY TIME
13:06:45 - DAY TIME
13:06:46 - DAY TIME
13:06:47 - DAY TIME
13:06:48 - DAY TIME
Sensor: 22.8*C, 33.1%
13:06:49 - DAY TIME
13:06:50 - DAY TIME
13:06:51 - DAY TIME
13:06:52 - DAY TIME
13:06:53 - DAY TIME
Sensor: 22.8*C, 33.1%
stack: 2048 out of 8192
GC: total: 36288, used: 24864, free: 11424
 No. of 1-blocks: 289, 2-blocks: 58, max blk sz: 264, max free sz: 233
13:06:54 - DAY TIME
13:06:55 - DAY TIME
13:06:56 - DAY TIME
13:06:57 - DAY TIME
13:06:58 - DAY TIME
Sensor: 22.8*C, 33.0%
13:06:59 - DAY TIME
13:07:00 - DAY TIME
13:07:01 - DAY TIME
13:07:02 - DAY TIME
13:07:03 - DAY TIME
Sensor: 22.8*C, 33.0%
stack: 2048 out of 8192
GC: total: 36288, used: 24864, free: 11424
 No. of 1-blocks: 289, 2-blocks: 58, max blk sz: 264, max free sz: 233
13:07:04 - DAY TIME
13:07:05 - DAY TIME
13:07:06 - DAY TIME
13:07:07 - DAY TIME
13:07:08 - DAY TIME
Sensor: 22.8*C, 33.0%
13:07:09 - DAY TIME
13:07:10 - DAY TIME
13:07:11 - DAY TIME
13:07:12 - DAY TIME
13:07:13 - DAY TIME
Sensor: 22.8*C, 33.0%
Message published (22.81*C, 33.02%)
NTP synchronization completed.
stack: 2048 out of 8192
GC: total: 36288, used: 24848, free: 11440
 No. of 1-blocks: 288, 2-blocks: 58, max blk sz: 264, max free sz: 233
13:07:15 - DAY TIME
13:07:15 - DAY TIME
13:07:16 - DAY TIME
13:07:17 - DAY TIME
13:07:18 - DAY TIME
Sensor: 22.8*C, 33.0%
13:07:19 - DAY TIME
13:07:20 - DAY TIME
13:07:21 - DAY TIME
13:07:22 - DAY TIME
13:07:23 - DAY TIME
Sensor: 22.8*C, 33.0%
stack: 2048 out of 8192
GC: total: 36288, used: 24864, free: 11424
 No. of 1-blocks: 289, 2-blocks: 58, max blk sz: 264, max free sz: 233
13:07:24 - DAY TIME
13:07:25 - DAY TIME
13:07:26 - DAY TIME
13:07:27 - DAY TIME
13:07:28 - DAY TIME
Sensor: 22.8*C, 33.1%
13:07:29 - DAY TIME
13:07:30 - DAY TIME
13:07:31 - DAY TIME
13:07:32 - DAY TIME
13:07:33 - DAY TIME
Sensor: 22.8*C, 33.2%
stack: 2048 out of 8192
GC: total: 36288, used: 24864, free: 11424
 No. of 1-blocks: 289, 2-blocks: 58, max blk sz: 264, max free sz: 233
13:07:34 - DAY TIME
13:07:35 - DAY TIME
13:07:36 - DAY TIME
13:07:37 - DAY TIME
13:07:38 - DAY TIME
Sensor: 22.8*C, 33.2%
13:07:39 - DAY TIME
13:07:40 - DAY TIME
13:07:41 - DAY TIME
13:07:42 - DAY TIME
13:07:43 - DAY TIME
Sensor: 22.8*C, 33.1%
stack: 2048 out of 8192
GC: total: 36288, used: 24864, free: 11424
 No. of 1-blocks: 289, 2-blocks: 58, max blk sz: 264, max free sz: 233
13:07:44 - DAY TIME
13:07:45 - DAY TIME
13:07:46 - DAY TIME
13:07:47 - DAY TIME
13:07:48 - DAY TIME
Sensor: 22.8*C, 33.1%
13:07:49 - DAY TIME
13:07:50 - DAY TIME
13:07:51 - DAY TIME
13:07:52 - DAY TIME
13:07:53 - DAY TIME
Sensor: 22.8*C, 33.2%
stack: 2048 out of 8192
GC: total: 36288, used: 24864, free: 11424
 No. of 1-blocks: 289, 2-blocks: 58, max blk sz: 264, max free sz: 233
13:07:54 - DAY TIME
13:07:55 - DAY TIME
13:07:56 - DAY TIME
13:07:57 - DAY TIME
13:07:58 - DAY TIME
Sensor: 22.8*C, 33.2%
13:07:59 - DAY TIME
13:08:00 - DAY TIME
13:08:01 - DAY TIME
13:08:02 - DAY TIME
13:08:03 - DAY TIME
Sensor: 22.8*C, 33.2%
stack: 2048 out of 8192
GC: total: 36288, used: 24864, free: 11424
 No. of 1-blocks: 289, 2-blocks: 58, max blk sz: 264, max free sz: 233
13:08:04 - DAY TIME
13:08:05 - DAY TIME
13:08:06 - DAY TIME
13:08:07 - DAY TIME
13:08:08 - DAY TIME
Sensor: 22.8*C, 33.2%
13:08:09 - DAY TIME
13:08:10 - DAY TIME
13:08:11 - DAY TIME
13:08:12 - DAY TIME
13:08:13 - DAY TIME
Sensor: 22.8*C, 33.2%
Message published (22.80*C, 33.12%)
NTP synchronization completed.
stack: 2048 out of 8192
GC: total: 36288, used: 24848, free: 11440
 No. of 1-blocks: 288, 2-blocks: 58, max blk sz: 264, max free sz: 233
13:08:15 - DAY TIME
13:08:15 - DAY TIME
13:08:16 - DAY TIME
13:08:17 - DAY TIME
13:08:18 - DAY TIME
Sensor: 22.8*C, 33.2%
13:08:19 - DAY TIME
13:08:20 - DAY TIME
13:08:21 - DAY TIME
13:08:22 - DAY TIME
13:08:23 - DAY TIME
Sensor: 22.8*C, 33.2%
stack: 2048 out of 8192
GC: total: 36288, used: 24864, free: 11424
 No. of 1-blocks: 289, 2-blocks: 58, max blk sz: 264, max free sz: 233
13:08:24 - DAY TIME
13:08:25 - DAY TIME
13:08:26 - DAY TIME
13:08:27 - DAY TIME
13:08:28 - DAY TIME
Sensor: 22.8*C, 33.1%
13:08:29 - DAY TIME
13:08:30 - DAY TIME
13:08:31 - DAY TIME
13:08:32 - DAY TIME
13:08:33 - DAY TIME
Sensor: 22.8*C, 33.1%
stack: 2048 out of 8192
GC: total: 36288, used: 24864, free: 11424
 No. of 1-blocks: 289, 2-blocks: 58, max blk sz: 264, max free sz: 233
13:08:34 - DAY TIME
13:08:35 - DAY TIME
13:08:36 - DAY TIME
13:08:37 - DAY TIME
13:08:38 - DAY TIME
Sensor: 22.8*C, 33.1%
13:08:39 - DAY TIME
13:08:40 - DAY TIME
13:08:41 - DAY TIME
13:08:42 - DAY TIME
13:08:43 - DAY TIME
Sensor: 22.8*C, 33.1%
stack: 2048 out of 8192
GC: total: 36288, used: 24864, free: 11424
 No. of 1-blocks: 289, 2-blocks: 58, max blk sz: 264, max free sz: 233
13:08:44 - DAY TIME
13:08:45 - DAY TIME
13:08:46 - DAY TIME
13:08:47 - DAY TIME
13:08:48 - DAY TIME
Sensor: 22.8*C, 33.1%
13:08:49 - DAY TIME
13:08:50 - DAY TIME
13:08:51 - DAY TIME
13:08:52 - DAY TIME
13:08:53 - DAY TIME
Sensor: 22.8*C, 33.0%
stack: 2048 out of 8192
GC: total: 36288, used: 24864, free: 11424
 No. of 1-blocks: 289, 2-blocks: 58, max blk sz: 264, max free sz: 233
13:08:54 - DAY TIME
13:08:55 - DAY TIME
13:08:56 - DAY TIME
13:08:57 - DAY TIME
13:08:58 - DAY TIME
Sensor: 22.8*C, 33.1%
13:08:59 - DAY TIME
13:09:00 - DAY TIME
13:09:01 - DAY TIME
13:09:02 - DAY TIME
13:09:03 - DAY TIME
Sensor: 22.8*C, 33.1%
stack: 2048 out of 8192
GC: total: 36288, used: 24864, free: 11424
 No. of 1-blocks: 289, 2-blocks: 58, max blk sz: 264, max free sz: 233
13:09:04 - DAY TIME
13:09:05 - DAY TIME
13:09:06 - DAY TIME
13:09:07 - DAY TIME
13:09:08 - DAY TIME
Sensor: 22.8*C, 33.1%
13:09:09 - DAY TIME
13:09:10 - DAY TIME
13:09:11 - DAY TIME
13:09:12 - DAY TIME
13:09:13 - DAY TIME
Sensor: 22.8*C, 33.1%
Message published (22.80*C, 33.11%)
NTP synchronization completed.
stack: 2048 out of 8192
GC: total: 36288, used: 24848, free: 11440
 No. of 1-blocks: 288, 2-blocks: 58, max blk sz: 264, max free sz: 233
13:09:15 - DAY TIME
13:09:15 - DAY TIME
13:09:16 - DAY TIME
13:09:17 - DAY TIME
13:09:18 - DAY TIME
Sensor: 22.8*C, 33.1%
13:09:19 - DAY TIME
13:09:20 - DAY TIME
13:09:21 - DAY TIME
13:09:22 - DAY TIME
13:09:23 - DAY TIME
Sensor: 22.8*C, 33.1%
stack: 2048 out of 8192
GC: total: 36288, used: 24864, free: 11424
 No. of 1-blocks: 289, 2-blocks: 58, max blk sz: 264, max free sz: 233
13:09:24 - DAY TIME
13:09:25 - DAY TIME
13:09:26 - DAY TIME
13:09:27 - DAY TIME
13:09:28 - DAY TIME
Sensor: 22.8*C, 33.1%
13:09:29 - DAY TIME
13:09:30 - DAY TIME
13:09:31 - DAY TIME
13:09:32 - DAY TIME
13:09:33 - DAY TIME
Sensor: 22.8*C, 33.1%
stack: 2048 out of 8192
GC: total: 36288, used: 24864, free: 11424
 No. of 1-blocks: 289, 2-blocks: 58, max blk sz: 264, max free sz: 233
13:09:34 - DAY TIME
13:09:35 - DAY TIME
13:09:36 - DAY TIME
13:09:37 - DAY TIME
13:09:38 - DAY TIME
Sensor: 22.8*C, 33.1%
13:09:39 - DAY TIME
13:09:40 - DAY TIME
13:09:41 - DAY TIME
13:09:42 - DAY TIME
13:09:43 - DAY TIME
Sensor: 22.8*C, 33.2%
stack: 2048 out of 8192
GC: total: 36288, used: 24864, free: 11424
 No. of 1-blocks: 289, 2-blocks: 58, max blk sz: 264, max free sz: 233
13:09:44 - DAY TIME
13:09:45 - DAY TIME
13:09:46 - DAY TIME
13:09:47 - DAY TIME
13:09:48 - DAY TIME
Sensor: 22.8*C, 33.2%
13:09:49 - DAY TIME
13:09:50 - DAY TIME
13:09:51 - DAY TIME
13:09:52 - DAY TIME
13:09:53 - DAY TIME
Sensor: 22.8*C, 33.2%
stack: 2048 out of 8192
GC: total: 36288, used: 24864, free: 11424
 No. of 1-blocks: 289, 2-blocks: 58, max blk sz: 264, max free sz: 233
13:09:54 - DAY TIME
13:09:55 - DAY TIME
13:09:56 - DAY TIME
13:09:57 - DAY TIME
13:09:58 - DAY TIME
Sensor: 22.8*C, 33.2%
13:09:59 - DAY TIME
13:10:00 - DAY TIME
13:10:01 - DAY TIME
13:10:02 - DAY TIME
13:10:03 - DAY TIME
Sensor: 22.8*C, 33.2%
stack: 2048 out of 8192
GC: total: 36288, used: 24864, free: 11424
 No. of 1-blocks: 289, 2-blocks: 58, max blk sz: 264, max free sz: 233
13:10:04 - DAY TIME
13:10:05 - DAY TIME
13:10:06 - DAY TIME
13:10:07 - DAY TIME
13:10:08 - DAY TIME
Sensor: 22.8*C, 33.2%
13:10:09 - DAY TIME
13:10:10 - DAY TIME
13:10:11 - DAY TIME
13:10:12 - DAY TIME
13:10:13 - DAY TIME
Sensor: 22.8*C, 33.3%
Message published (22.80*C, 33.16%)
NTP synchronization completed.
stack: 2048 out of 8192
GC: total: 36288, used: 24848, free: 11440
 No. of 1-blocks: 288, 2-blocks: 58, max blk sz: 264, max free sz: 233
13:10:15 - DAY TIME
13:10:15 - DAY TIME
13:10:16 - DAY TIME
13:10:17 - DAY TIME
Sensor: 22.8*C, 33.3%
13:10:19 - DAY TIME
13:10:19 - DAY TIME
13:10:20 - DAY TIME
13:10:21 - DAY TIME
13:10:22 - DAY TIME
13:10:23 - DAY TIME
Sensor: 22.8*C, 33.3%
stack: 2048 out of 8192
GC: total: 36288, used: 24864, free: 11424
 No. of 1-blocks: 289, 2-blocks: 58, max blk sz: 264, max free sz: 233
13:10:24 - DAY TIME
13:10:25 - DAY TIME
13:10:26 - DAY TIME
13:10:27 - DAY TIME
13:10:28 - DAY TIME
Sensor: 22.8*C, 33.3%
13:10:29 - DAY TIME
13:10:30 - DAY TIME
13:10:31 - DAY TIME
13:10:32 - DAY TIME
Sensor: 22.8*C, 33.3%
stack: 2048 out of 8192
GC: total: 36288, used: 24864, free: 11424
 No. of 1-blocks: 289, 2-blocks: 58, max blk sz: 264, max free sz: 233
13:10:34 - DAY TIME
13:10:34 - DAY TIME
13:10:35 - DAY TIME
13:10:36 - DAY TIME
13:10:37 - DAY TIME
13:10:38 - DAY TIME
Sensor: 22.8*C, 33.3%
13:10:39 - DAY TIME
13:10:40 - DAY TIME
13:10:41 - DAY TIME
13:10:42 - DAY TIME
13:10:43 - DAY TIME
Sensor: 22.8*C, 33.3%
stack: 2048 out of 8192
GC: total: 36288, used: 24864, free: 11424
 No. of 1-blocks: 289, 2-blocks: 58, max blk sz: 264, max free sz: 233
13:10:44 - DAY TIME
13:10:45 - DAY TIME
13:10:46 - DAY TIME
13:10:47 - DAY TIME
13:10:48 - DAY TIME
Sensor: 22.8*C, 33.3%
13:10:49 - DAY TIME
13:10:50 - DAY TIME
13:10:51 - DAY TIME
13:10:52 - DAY TIME
Sensor: 22.8*C, 33.3%
stack: 2048 out of 8192
GC: total: 36288, used: 24864, free: 11424
 No. of 1-blocks: 289, 2-blocks: 58, max blk sz: 264, max free sz: 233
13:10:54 - DAY TIME
13:10:54 - DAY TIME
13:10:55 - DAY TIME
13:10:56 - DAY TIME
13:10:57 - DAY TIME
13:10:58 - DAY TIME
Sensor: 22.8*C, 33.4%
13:10:59 - DAY TIME
13:11:00 - DAY TIME
13:11:01 - DAY TIME
13:11:02 - DAY TIME
13:11:03 - DAY TIME
Sensor: 22.8*C, 33.4%
stack: 2048 out of 8192
GC: total: 36288, used: 24864, free: 11424
 No. of 1-blocks: 289, 2-blocks: 58, max blk sz: 264, max free sz: 233
13:11:04 - DAY TIME
13:11:05 - DAY TIME
13:11:06 - DAY TIME
13:11:07 - DAY TIME
13:11:08 - DAY TIME
Sensor: 22.8*C, 33.3%
13:11:09 - DAY TIME
13:11:10 - DAY TIME
13:11:11 - DAY TIME
13:11:12 - DAY TIME
13:11:13 - DAY TIME
Sensor: 22.8*C, 33.4%
Message published (22.80*C, 33.29%)
NTP synchronization completed.
stack: 2048 out of 8192
GC: total: 36288, used: 24848, free: 11440
 No. of 1-blocks: 288, 2-blocks: 58, max blk sz: 264, max free sz: 233
13:11:15 - DAY TIME
13:11:15 - DAY TIME
13:11:16 - DAY TIME
13:11:17 - DAY TIME
13:11:18 - DAY TIME
Sensor: 22.8*C, 33.4%
13:11:19 - DAY TIME
13:11:20 - DAY TIME
13:11:21 - DAY TIME
13:11:22 - DAY TIME
stack: 2048 out of 8192
GC: total: 36288, used: 24848, free: 11440
 No. of 1-blocks: 288, 2-blocks: 58, max blk sz: 264, max free sz: 233
13:11:23 - DAY TIME
Sensor: 22.8*C, 33.5%
13:11:24 - DAY TIME
13:11:25 - DAY TIME
13:11:26 - DAY TIME
13:11:27 - DAY TIME
13:11:28 - DAY TIME
Sensor: 22.8*C, 33.6%
13:11:29 - DAY TIME
13:11:30 - DAY TIME
13:11:31 - DAY TIME
13:11:32 - DAY TIME
13:11:33 - DAY TIME
Sensor: 22.8*C, 33.6%
stack: 2048 out of 8192
GC: total: 36288, used: 24864, free: 11424
 No. of 1-blocks: 289, 2-blocks: 58, max blk sz: 264, max free sz: 233
13:11:34 - DAY TIME
13:11:35 - DAY TIME
13:11:36 - DAY TIME
13:11:37 - DAY TIME
13:11:38 - DAY TIME
Sensor: 22.8*C, 33.6%
13:11:39 - DAY TIME
13:11:40 - DAY TIME
13:11:41 - DAY TIME
13:11:42 - DAY TIME
13:11:43 - DAY TIME
Sensor: 22.8*C, 33.7%
stack: 2048 out of 8192
GC: total: 36288, used: 24864, free: 11424
 No. of 1-blocks: 289, 2-blocks: 58, max blk sz: 264, max free sz: 233
13:11:44 - DAY TIME
13:11:45 - DAY TIME
13:11:46 - DAY TIME
13:11:47 - DAY TIME
13:11:48 - DAY TIME
Sensor: 22.8*C, 33.7%
13:11:49 - DAY TIME
13:11:50 - DAY TIME
13:11:51 - DAY TIME
13:11:52 - DAY TIME
13:11:53 - DAY TIME
Sensor: 22.7*C, 33.8%
stack: 2048 out of 8192
GC: total: 36288, used: 24864, free: 11424
 No. of 1-blocks: 289, 2-blocks: 58, max blk sz: 264, max free sz: 233
13:11:54 - DAY TIME
13:11:55 - DAY TIME
13:11:56 - DAY TIME
13:11:57 - DAY TIME
13:11:58 - DAY TIME
Sensor: 22.8*C, 33.8%
13:11:59 - DAY TIME
13:12:00 - DAY TIME
13:12:01 - DAY TIME
13:12:02 - DAY TIME
13:12:03 - DAY TIME
Sensor: 22.7*C, 33.8%
stack: 2048 out of 8192
GC: total: 36288, used: 24864, free: 11424
 No. of 1-blocks: 289, 2-blocks: 58, max blk sz: 264, max free sz: 233
13:12:04 - DAY TIME
13:12:05 - DAY TIME
13:12:06 - DAY TIME
13:12:07 - DAY TIME
13:12:08 - DAY TIME
Sensor: 22.7*C, 33.8%
13:12:09 - DAY TIME
13:12:10 - DAY TIME
13:12:11 - DAY TIME
13:12:12 - DAY TIME
13:12:13 - DAY TIME
Sensor: 22.7*C, 33.8%
Message published (22.77*C, 33.59%)
NTP synchronization completed.
stack: 2048 out of 8192
GC: total: 36288, used: 24848, free: 11440
 No. of 1-blocks: 288, 2-blocks: 58, max blk sz: 264, max free sz: 233
13:12:15 - DAY TIME
13:12:15 - DAY TIME
13:12:16 - DAY TIME
13:12:17 - DAY TIME
13:12:18 - DAY TIME
Sensor: 22.7*C, 33.8%
13:12:19 - DAY TIME
13:12:20 - DAY TIME
13:12:21 - DAY TIME
13:12:22 - DAY TIME
13:12:23 - DAY TIME
Sensor: 22.7*C, 33.8%
stack: 2048 out of 8192
GC: total: 36288, used: 24864, free: 11424
 No. of 1-blocks: 289, 2-blocks: 58, max blk sz: 264, max free sz: 233
13:12:24 - DAY TIME
13:12:25 - DAY TIME
13:12:26 - DAY TIME
13:12:27 - DAY TIME
13:12:28 - DAY TIME
Sensor: 22.7*C, 33.9%
13:12:29 - DAY TIME
13:12:30 - DAY TIME
13:12:31 - DAY TIME
13:12:32 - DAY TIME
13:12:33 - DAY TIME
Sensor: 22.8*C, 33.9%
stack: 2048 out of 8192
GC: total: 36288, used: 24864, free: 11424
 No. of 1-blocks: 289, 2-blocks: 58, max blk sz: 264, max free sz: 233
13:12:34 - DAY TIME
13:12:35 - DAY TIME
13:12:36 - DAY TIME
13:12:37 - DAY TIME
13:12:38 - DAY TIME
Sensor: 22.7*C, 33.9%
13:12:39 - DAY TIME
13:12:40 - DAY TIME
13:12:41 - DAY TIME
13:12:42 - DAY TIME
13:12:43 - DAY TIME
Sensor: 22.7*C, 34.0%
stack: 2048 out of 8192
GC: total: 36288, used: 24864, free: 11424
 No. of 1-blocks: 289, 2-blocks: 58, max blk sz: 264, max free sz: 233
13:12:44 - DAY TIME
13:12:45 - DAY TIME
13:12:46 - DAY TIME
13:12:47 - DAY TIME
13:12:48 - DAY TIME
Sensor: 22.7*C, 34.0%
13:12:49 - DAY TIME
13:12:50 - DAY TIME
13:12:51 - DAY TIME
13:12:52 - DAY TIME
13:12:53 - DAY TIME
Sensor: 22.7*C, 34.1%
stack: 2048 out of 8192
GC: total: 36288, used: 24864, free: 11424
 No. of 1-blocks: 289, 2-blocks: 58, max blk sz: 264, max free sz: 233
13:12:54 - DAY TIME
13:12:55 - DAY TIME
13:12:56 - DAY TIME
13:12:57 - DAY TIME
13:12:58 - DAY TIME
Sensor: 22.7*C, 34.2%
13:12:59 - DAY TIME
13:13:00 - DAY TIME
13:13:01 - DAY TIME
13:13:02 - DAY TIME
13:13:03 - DAY TIME
Sensor: 22.7*C, 34.2%
stack: 2048 out of 8192
GC: total: 36288, used: 24864, free: 11424
 No. of 1-blocks: 289, 2-blocks: 58, max blk sz: 264, max free sz: 233
13:13:04 - DAY TIME
13:13:05 - DAY TIME
13:13:06 - DAY TIME
13:13:07 - DAY TIME
13:13:08 - DAY TIME
Sensor: 22.7*C, 34.2%
13:13:09 - DAY TIME
13:13:10 - DAY TIME
13:13:11 - DAY TIME
13:13:12 - DAY TIME
13:13:13 - DAY TIME
Sensor: 22.7*C, 34.3%
Message published (22.72*C, 33.94%)
NTP synchronization completed.
stack: 2048 out of 8192
GC: total: 36288, used: 24848, free: 11440
 No. of 1-blocks: 288, 2-blocks: 58, max blk sz: 264, max free sz: 233
13:13:15 - DAY TIME
13:13:15 - DAY TIME
13:13:16 - DAY TIME
13:13:17 - DAY TIME
13:13:18 - DAY TIME
Sensor: 22.7*C, 34.4%
13:13:19 - DAY TIME
13:13:20 - DAY TIME
13:13:21 - DAY TIME
13:13:22 - DAY TIME
13:13:23 - DAY TIME
Sensor: 22.7*C, 34.4%
stack: 2048 out of 8192
GC: total: 36288, used: 24864, free: 11424
 No. of 1-blocks: 289, 2-blocks: 58, max blk sz: 264, max free sz: 233
13:13:24 - DAY TIME
13:13:25 - DAY TIME
13:13:26 - DAY TIME
13:13:27 - DAY TIME
13:13:28 - DAY TIME
Sensor: 22.7*C, 34.4%
13:13:29 - DAY TIME
13:13:30 - DAY TIME
13:13:31 - DAY TIME
13:13:32 - DAY TIME
13:13:33 - DAY TIME
Sensor: 22.7*C, 34.5%
stack: 2048 out of 8192
GC: total: 36288, used: 24864, free: 11424
 No. of 1-blocks: 289, 2-blocks: 58, max blk sz: 264, max free sz: 233
13:13:34 - DAY TIME
13:13:35 - DAY TIME
13:13:36 - DAY TIME
13:13:37 - DAY TIME
13:13:38 - DAY TIME
Sensor: 22.7*C, 34.5%
13:13:39 - DAY TIME
13:13:40 - DAY TIME
13:13:41 - DAY TIME
13:13:42 - DAY TIME
13:13:43 - DAY TIME
Sensor: 22.7*C, 34.6%
stack: 2048 out of 8192
GC: total: 36288, used: 24864, free: 11424
 No. of 1-blocks: 289, 2-blocks: 58, max blk sz: 264, max free sz: 233
13:13:44 - DAY TIME
13:13:45 - DAY TIME
13:13:46 - DAY TIME
13:13:47 - DAY TIME
13:13:48 - DAY TIME
Sensor: 22.7*C, 34.6%
13:13:49 - DAY TIME
13:13:50 - DAY TIME
13:13:51 - DAY TIME
13:13:52 - DAY TIME
13:13:53 - DAY TIME
Sensor: 22.7*C, 34.7%
stack: 2048 out of 8192
GC: total: 36288, used: 24864, free: 11424
 No. of 1-blocks: 289, 2-blocks: 58, max blk sz: 264, max free sz: 233
13:13:54 - DAY TIME
13:13:55 - DAY TIME
13:13:56 - DAY TIME
13:13:57 - DAY TIME
13:13:58 - DAY TIME
Sensor: 22.7*C, 34.7%
13:13:59 - DAY TIME
13:14:00 - DAY TIME
13:14:01 - DAY TIME
13:14:02 - DAY TIME
13:14:03 - DAY TIME
Sensor: 22.7*C, 34.7%
stack: 2048 out of 8192
GC: total: 36288, used: 24864, free: 11424
 No. of 1-blocks: 289, 2-blocks: 58, max blk sz: 264, max free sz: 233
13:14:04 - DAY TIME
13:14:05 - DAY TIME
13:14:06 - DAY TIME
13:14:07 - DAY TIME
13:14:08 - DAY TIME
Sensor: 22.7*C, 34.8%
13:14:09 - DAY TIME
13:14:10 - DAY TIME
13:14:11 - DAY TIME
13:14:12 - DAY TIME
13:14:13 - DAY TIME
Sensor: 22.7*C, 34.9%
Message published (22.71*C, 34.45%)
NTP synchronization completed.
stack: 2048 out of 8192
GC: total: 36288, used: 24848, free: 11440
 No. of 1-blocks: 288, 2-blocks: 58, max blk sz: 264, max free sz: 233
13:14:15 - DAY TIME
13:14:16 - DAY TIME
13:14:17 - DAY TIME
13:14:18 - DAY TIME
13:14:19 - DAY TIME
Sensor: 22.7*C, 34.9%
13:14:20 - DAY TIME
13:14:21 - DAY TIME
13:14:22 - DAY TIME
13:14:23 - DAY TIME
13:14:24 - DAY TIME
Sensor: 22.7*C, 35.0%
stack: 2048 out of 8192
GC: total: 36288, used: 24864, free: 11424
 No. of 1-blocks: 289, 2-blocks: 58, max blk sz: 264, max free sz: 233
13:14:25 - DAY TIME
13:14:26 - DAY TIME
13:14:27 - DAY TIME
13:14:28 - DAY TIME
13:14:29 - DAY TIME
Sensor: 22.7*C, 35.1%
13:14:30 - DAY TIME
13:14:31 - DAY TIME
13:14:32 - DAY TIME
13:14:33 - DAY TIME
13:14:34 - DAY TIME
Sensor: 22.7*C, 35.2%
stack: 2048 out of 8192
GC: total: 36288, used: 24864, free: 11424
 No. of 1-blocks: 289, 2-blocks: 58, max blk sz: 264, max free sz: 233
13:14:35 - DAY TIME
13:14:36 - DAY TIME
13:14:37 - DAY TIME
13:14:38 - DAY TIME
13:14:39 - DAY TIME
Sensor: 22.7*C, 35.3%
13:14:40 - DAY TIME
13:14:41 - DAY TIME
13:14:42 - DAY TIME
13:14:43 - DAY TIME
13:14:44 - DAY TIME
Sensor: 22.7*C, 35.4%
stack: 2048 out of 8192
GC: total: 36288, used: 24864, free: 11424
 No. of 1-blocks: 289, 2-blocks: 58, max blk sz: 264, max free sz: 233
13:14:45 - DAY TIME
13:14:46 - DAY TIME
13:14:47 - DAY TIME
13:14:48 - DAY TIME
13:14:49 - DAY TIME
Sensor: 22.7*C, 35.5%
13:14:50 - DAY TIME
13:14:51 - DAY TIME
13:14:52 - DAY TIME
13:14:53 - DAY TIME
13:14:54 - DAY TIME
Sensor: 22.7*C, 35.6%
stack: 2048 out of 8192
GC: total: 36288, used: 24864, free: 11424
 No. of 1-blocks: 289, 2-blocks: 58, max blk sz: 264, max free sz: 233
13:14:55 - DAY TIME
13:14:56 - DAY TIME
13:14:57 - DAY TIME
13:14:58 - DAY TIME
13:14:59 - DAY TIME
Sensor: 22.7*C, 35.8%
13:15:00 - DAY TIME
13:15:01 - DAY TIME
13:15:02 - DAY TIME
13:15:03 - DAY TIME
13:15:04 - DAY TIME
Sensor: 22.7*C, 35.9%
stack: 2048 out of 8192
GC: total: 36288, used: 24864, free: 11424
 No. of 1-blocks: 289, 2-blocks: 58, max blk sz: 264, max free sz: 233
13:15:05 - DAY TIME
13:15:06 - DAY TIME
13:15:07 - DAY TIME
13:15:08 - DAY TIME
13:15:09 - DAY TIME
Sensor: 22.7*C, 35.9%
13:15:10 - DAY TIME
13:15:11 - DAY TIME
13:15:12 - DAY TIME
13:15:13 - DAY TIME
13:15:14 - DAY TIME
Sensor: 22.7*C, 36.1%
Message published (22.70*C, 35.28%)
NTP synchronization completed.
stack: 2048 out of 8192
GC: total: 36288, used: 24848, free: 11440
 No. of 1-blocks: 288, 2-blocks: 58, max blk sz: 264, max free sz: 233
13:15:15 - DAY TIME
13:15:16 - DAY TIME
13:15:17 - DAY TIME
13:15:18 - DAY TIME
13:15:19 - DAY TIME
Sensor: 22.7*C, 36.1%
13:15:20 - DAY TIME
13:15:21 - DAY TIME
13:15:22 - DAY TIME
13:15:23 - DAY TIME
13:15:24 - DAY TIME
Sensor: 22.7*C, 36.1%
stack: 2048 out of 8192
GC: total: 36288, used: 24864, free: 11424
 No. of 1-blocks: 289, 2-blocks: 58, max blk sz: 264, max free sz: 233
13:15:25 - DAY TIME
13:15:26 - DAY TIME
13:15:27 - DAY TIME
13:15:28 - DAY TIME
13:15:29 - DAY TIME
Sensor: 22.7*C, 36.1%
13:15:30 - DAY TIME
13:15:31 - DAY TIME
13:15:32 - DAY TIME
13:15:33 - DAY TIME
13:15:34 - DAY TIME
Sensor: 22.7*C, 36.1%
stack: 2048 out of 8192
GC: total: 36288, used: 24864, free: 11424
 No. of 1-blocks: 289, 2-blocks: 58, max blk sz: 264, max free sz: 233
13:15:35 - DAY TIME
13:15:36 - DAY TIME
13:15:37 - DAY TIME
13:15:38 - DAY TIME
13:15:39 - DAY TIME
Sensor: 22.7*C, 36.1%
13:15:40 - DAY TIME
13:15:41 - DAY TIME
13:15:42 - DAY TIME
13:15:43 - DAY TIME
13:15:44 - DAY TIME
Sensor: 22.7*C, 36.1%
stack: 2048 out of 8192
GC: total: 36288, used: 24864, free: 11424
 No. of 1-blocks: 289, 2-blocks: 58, max blk sz: 264, max free sz: 233
13:15:45 - DAY TIME
13:15:46 - DAY TIME
13:15:47 - DAY TIME
13:15:48 - DAY TIME
13:15:49 - DAY TIME
Sensor: 22.6*C, 36.0%
13:15:50 - DAY TIME
13:15:51 - DAY TIME
13:15:52 - DAY TIME
13:15:53 - DAY TIME
13:15:54 - DAY TIME
Sensor: 22.7*C, 36.1%
stack: 2048 out of 8192
GC: total: 36288, used: 24864, free: 11424
 No. of 1-blocks: 289, 2-blocks: 58, max blk sz: 264, max free sz: 233
13:15:55 - DAY TIME
13:15:56 - DAY TIME
13:15:57 - DAY TIME
13:15:58 - DAY TIME
13:15:59 - DAY TIME
Sensor: 22.7*C, 36.1%
13:16:00 - DAY TIME
13:16:01 - DAY TIME
13:16:02 - DAY TIME
13:16:03 - DAY TIME
13:16:04 - DAY TIME
Sensor: 22.7*C, 36.1%
stack: 2048 out of 8192
GC: total: 36288, used: 24864, free: 11424
 No. of 1-blocks: 289, 2-blocks: 58, max blk sz: 264, max free sz: 233
13:16:05 - DAY TIME
13:16:06 - DAY TIME
13:16:07 - DAY TIME
13:16:08 - DAY TIME
13:16:09 - DAY TIME
Sensor: 22.7*C, 36.1%
13:16:10 - DAY TIME
13:16:11 - DAY TIME
13:16:12 - DAY TIME
13:16:13 - DAY TIME
13:16:14 - DAY TIME
Sensor: 22.7*C, 36.1%
Message published (22.69*C, 35.86%)
NTP synchronization completed.
stack: 2048 out of 8192
GC: total: 36288, used: 24848, free: 11440
 No. of 1-blocks: 288, 2-blocks: 58, max blk sz: 264, max free sz: 233
13:16:15 - DAY TIME
13:16:15 - DAY TIME
13:16:16 - DAY TIME
13:16:17 - DAY TIME
13:16:18 - DAY TIME
Sensor: 22.7*C, 36.1%
13:16:19 - DAY TIME
13:16:20 - DAY TIME
13:16:21 - DAY TIME
13:16:22 - DAY TIME
13:16:23 - DAY TIME
Sensor: 22.7*C, 36.1%
stack: 2048 out of 8192
GC: total: 36288, used: 24864, free: 11424
 No. of 1-blocks: 289, 2-blocks: 58, max blk sz: 264, max free sz: 233
13:16:24 - DAY TIME
13:16:25 - DAY TIME
13:16:26 - DAY TIME
13:16:27 - DAY TIME
13:16:28 - DAY TIME
Sensor: 22.7*C, 36.1%
13:16:29 - DAY TIME
13:16:30 - DAY TIME
13:16:31 - DAY TIME
13:16:32 - DAY TIME
13:16:33 - DAY TIME
Sensor: 22.7*C, 36.1%
stack: 2048 out of 8192
GC: total: 36288, used: 24864, free: 11424
 No. of 1-blocks: 289, 2-blocks: 58, max blk sz: 264, max free sz: 233
13:16:34 - DAY TIME
13:16:35 - DAY TIME
13:16:36 - DAY TIME
13:16:37 - DAY TIME
13:16:38 - DAY TIME
Sensor: 22.7*C, 36.1%
13:16:39 - DAY TIME
13:16:40 - DAY TIME
13:16:41 - DAY TIME
13:16:42 - DAY TIME
13:16:43 - DAY TIME
Sensor: 22.7*C, 36.1%
stack: 2048 out of 8192
GC: total: 36288, used: 24864, free: 11424
 No. of 1-blocks: 289, 2-blocks: 58, max blk sz: 264, max free sz: 233
13:16:44 - DAY TIME
13:16:45 - DAY TIME
13:16:46 - DAY TIME
13:16:47 - DAY TIME
13:16:48 - DAY TIME
Sensor: 22.7*C, 36.2%
13:16:49 - DAY TIME
13:16:50 - DAY TIME
13:16:51 - DAY TIME
13:16:52 - DAY TIME
13:16:53 - DAY TIME
Sensor: 22.7*C, 36.4%
stack: 2048 out of 8192
GC: total: 36288, used: 24864, free: 11424
 No. of 1-blocks: 289, 2-blocks: 58, max blk sz: 264, max free sz: 233
13:16:54 - DAY TIME
13:16:55 - DAY TIME
13:16:56 - DAY TIME
13:16:57 - DAY TIME
13:16:58 - DAY TIME
Sensor: 22.6*C, 36.5%
13:16:59 - DAY TIME
13:17:00 - DAY TIME
13:17:01 - DAY TIME
13:17:02 - DAY TIME
13:17:03 - DAY TIME
Sensor: 22.7*C, 36.7%
stack: 2048 out of 8192
GC: total: 36288, used: 24864, free: 11424
 No. of 1-blocks: 289, 2-blocks: 58, max blk sz: 264, max free sz: 233
13:17:04 - DAY TIME
13:17:05 - DAY TIME
13:17:06 - DAY TIME
13:17:07 - DAY TIME
13:17:08 - DAY TIME
Sensor: 22.7*C, 37.1%
13:17:09 - DAY TIME
13:17:10 - DAY TIME
13:17:11 - DAY TIME
13:17:12 - DAY TIME
13:17:13 - DAY TIME
Sensor: 22.6*C, 37.1%
Message published (22.68*C, 36.33%)
NTP synchronization completed.
stack: 2048 out of 8192
GC: total: 36288, used: 24848, free: 11440
 No. of 1-blocks: 288, 2-blocks: 58, max blk sz: 264, max free sz: 233
13:17:15 - DAY TIME
13:17:16 - DAY TIME
13:17:17 - DAY TIME
13:17:18 - DAY TIME
13:17:19 - DAY TIME
Sensor: 22.7*C, 37.3%
13:17:20 - DAY TIME
13:17:21 - DAY TIME
13:17:22 - DAY TIME
13:17:23 - DAY TIME
13:17:24 - DAY TIME
Sensor: 22.7*C, 37.4%
stack: 2048 out of 8192
GC: total: 36288, used: 24864, free: 11424
 No. of 1-blocks: 289, 2-blocks: 58, max blk sz: 264, max free sz: 233
13:17:25 - DAY TIME
13:17:26 - DAY TIME
13:17:27 - DAY TIME
13:17:28 - DAY TIME
13:17:29 - DAY TIME
Sensor: 22.7*C, 37.3%
13:17:30 - DAY TIME
13:17:31 - DAY TIME
13:17:32 - DAY TIME
13:17:33 - DAY TIME
13:17:34 - DAY TIME
Sensor: 22.7*C, 37.3%
stack: 2048 out of 8192
GC: total: 36288, used: 24864, free: 11424
 No. of 1-blocks: 289, 2-blocks: 58, max blk sz: 264, max free sz: 233
13:17:35 - DAY TIME
13:17:36 - DAY TIME
13:17:37 - DAY TIME
13:17:38 - DAY TIME
13:17:39 - DAY TIME
Sensor: 22.7*C, 37.3%
13:17:40 - DAY TIME
13:17:41 - DAY TIME
13:17:42 - DAY TIME
13:17:43 - DAY TIME
13:17:44 - DAY TIME
Sensor: 22.7*C, 37.4%
stack: 2048 out of 8192
GC: total: 36288, used: 24864, free: 11424
 No. of 1-blocks: 289, 2-blocks: 58, max blk sz: 264, max free sz: 233
13:17:45 - DAY TIME
13:17:46 - DAY TIME
13:17:47 - DAY TIME
13:17:48 - DAY TIME
13:17:49 - DAY TIME
Sensor: 22.7*C, 37.4%
13:17:50 - DAY TIME
13:17:51 - DAY TIME
13:17:52 - DAY TIME
13:17:53 - DAY TIME
13:17:54 - DAY TIME
Sensor: 22.7*C, 37.4%
stack: 2048 out of 8192
GC: total: 36288, used: 24864, free: 11424
 No. of 1-blocks: 289, 2-blocks: 58, max blk sz: 264, max free sz: 233
13:17:55 - DAY TIME
13:17:56 - DAY TIME
13:17:57 - DAY TIME
13:17:58 - DAY TIME
13:17:59 - DAY TIME
Sensor: 22.7*C, 37.4%
13:18:00 - DAY TIME
13:18:01 - DAY TIME
13:18:02 - DAY TIME
13:18:03 - DAY TIME
13:18:04 - DAY TIME
Sensor: 22.6*C, 37.4%
stack: 2048 out of 8192
GC: total: 36288, used: 24864, free: 11424
 No. of 1-blocks: 289, 2-blocks: 58, max blk sz: 264, max free sz: 233
13:18:05 - DAY TIME
13:18:06 - DAY TIME
13:18:07 - DAY TIME
13:18:08 - DAY TIME
13:18:09 - DAY TIME
Sensor: 22.7*C, 37.6%
13:18:10 - DAY TIME
13:18:11 - DAY TIME
13:18:12 - DAY TIME
13:18:13 - DAY TIME
13:18:14 - DAY TIME
Sensor: 22.7*C, 37.7%
Message published (22.69*C, 37.13%)
NTP synchronization completed.
stack: 2048 out of 8192
GC: total: 36288, used: 24848, free: 11440
 No. of 1-blocks: 288, 2-blocks: 58, max blk sz: 264, max free sz: 233
13:18:15 - DAY TIME
13:18:15 - DAY TIME
13:18:16 - DAY TIME
13:18:17 - DAY TIME
13:18:18 - DAY TIME
Sensor: 22.7*C, 37.7%
13:18:19 - DAY TIME
13:18:20 - DAY TIME
13:18:22 - DAY TIME
13:18:22 - DAY TIME
stack: 2048 out of 8192
GC: total: 36288, used: 24848, free: 11440
 No. of 1-blocks: 288, 2-blocks: 58, max blk sz: 264, max free sz: 233
13:18:24 - DAY TIME
Sensor: 22.7*C, 37.7%
13:18:24 - DAY TIME
13:18:25 - DAY TIME
13:18:27 - DAY TIME
13:18:27 - DAY TIME
13:18:28 - DAY TIME
Sensor: 22.7*C, 37.7%
13:18:29 - DAY TIME
13:18:30 - DAY TIME
13:18:31 - DAY TIME
13:18:32 - DAY TIME
13:18:33 - DAY TIME
Sensor: 22.7*C, 37.7%
stack: 2048 out of 8192
GC: total: 36288, used: 24864, free: 11424
 No. of 1-blocks: 289, 2-blocks: 58, max blk sz: 264, max free sz: 233
13:18:34 - DAY TIME
13:18:35 - DAY TIME
13:18:36 - DAY TIME
13:18:37 - DAY TIME
13:18:38 - DAY TIME
Sensor: 22.7*C, 37.7%
13:18:39 - DAY TIME
13:18:40 - DAY TIME
13:18:41 - DAY TIME
13:18:42 - DAY TIME
13:18:43 - DAY TIME
Sensor: 22.7*C, 37.8%
stack: 2048 out of 8192
GC: total: 36288, used: 24864, free: 11424
 No. of 1-blocks: 289, 2-blocks: 58, max blk sz: 264, max free sz: 233
13:18:44 - DAY TIME
13:18:45 - DAY TIME
13:18:46 - DAY TIME
13:18:47 - DAY TIME
13:18:48 - DAY TIME
Sensor: 22.7*C, 37.9%
13:18:49 - DAY TIME
13:18:50 - DAY TIME
13:18:51 - DAY TIME
13:18:52 - DAY TIME
stack: 2048 out of 8192
GC: total: 36288, used: 25472, free: 10816
 No. of 1-blocks: 313, 2-blocks: 62, max blk sz: 264, max free sz: 233
13:18:53 - DAY TIME
Sensor: 22.7*C, 37.9%
13:18:54 - DAY TIME
13:18:55 - DAY TIME
13:18:56 - DAY TIME
13:18:57 - DAY TIME
13:18:58 - DAY TIME
Sensor: 22.7*C, 37.9%
13:18:59 - DAY TIME
13:19:00 - DAY TIME
13:19:01 - DAY TIME
13:19:02 - DAY TIME
13:19:03 - DAY TIME
Sensor: 22.7*C, 38.0%
stack: 2048 out of 8192
GC: total: 36288, used: 24864, free: 11424
 No. of 1-blocks: 289, 2-blocks: 58, max blk sz: 264, max free sz: 233
13:19:04 - DAY TIME
13:19:05 - DAY TIME
13:19:06 - DAY TIME
13:19:07 - DAY TIME
13:19:08 - DAY TIME
Sensor: 22.7*C, 38.0%
13:19:09 - DAY TIME
13:19:10 - DAY TIME
13:19:11 - DAY TIME
13:19:12 - DAY TIME
13:19:13 - DAY TIME
Sensor: 22.7*C, 38.0%
Message published (22.70*C, 37.66%)
NTP synchronization completed.
stack: 2048 out of 8192
GC: total: 36288, used: 24848, free: 11440
 No. of 1-blocks: 288, 2-blocks: 58, max blk sz: 264, max free sz: 233
13:19:15 - DAY TIME
13:19:15 - DAY TIME
13:19:16 - DAY TIME
13:19:17 - DAY TIME
13:19:18 - DAY TIME
Sensor: 22.7*C, 38.1%
13:19:19 - DAY TIME
13:19:20 - DAY TIME
13:19:21 - DAY TIME
13:19:22 - DAY TIME
13:19:23 - DAY TIME
Sensor: 22.7*C, 38.1%
stack: 2048 out of 8192
GC: total: 36288, used: 24864, free: 11424
 No. of 1-blocks: 289, 2-blocks: 58, max blk sz: 264, max free sz: 233
13:19:24 - DAY TIME
13:19:25 - DAY TIME
13:19:26 - DAY TIME
13:19:27 - DAY TIME
13:19:28 - DAY TIME
Sensor: 22.7*C, 38.1%
13:19:29 - DAY TIME
13:19:30 - DAY TIME
13:19:31 - DAY TIME
13:19:32 - DAY TIME
13:19:33 - DAY TIME
Sensor: 22.7*C, 38.1%
stack: 2048 out of 8192
GC: total: 36288, used: 24864, free: 11424
 No. of 1-blocks: 289, 2-blocks: 58, max blk sz: 264, max free sz: 233
13:19:34 - DAY TIME
13:19:35 - DAY TIME
13:19:36 - DAY TIME
13:19:37 - DAY TIME
13:19:38 - DAY TIME
Sensor: 22.7*C, 38.1%
13:19:39 - DAY TIME
13:19:40 - DAY TIME
13:19:41 - DAY TIME
13:19:42 - DAY TIME
13:19:43 - DAY TIME
Sensor: 22.7*C, 38.1%
stack: 2048 out of 8192
GC: total: 36288, used: 24864, free: 11424
 No. of 1-blocks: 289, 2-blocks: 58, max blk sz: 264, max free sz: 233
13:19:44 - DAY TIME
13:19:45 - DAY TIME
13:19:46 - DAY TIME
13:19:47 - DAY TIME
13:19:48 - DAY TIME
Sensor: 22.7*C, 38.1%
13:19:49 - DAY TIME
13:19:50 - DAY TIME
13:19:51 - DAY TIME
13:19:52 - DAY TIME
13:19:53 - DAY TIME
Sensor: 22.7*C, 38.1%
stack: 2048 out of 8192
GC: total: 36288, used: 24864, free: 11424
 No. of 1-blocks: 289, 2-blocks: 58, max blk sz: 264, max free sz: 233
13:19:54 - DAY TIME
13:19:55 - DAY TIME
13:19:56 - DAY TIME
13:19:57 - DAY TIME
13:19:58 - DAY TIME
Sensor: 22.7*C, 38.1%
13:19:59 - DAY TIME
13:20:00 - DAY TIME
13:20:01 - DAY TIME
13:20:02 - DAY TIME
13:20:03 - DAY TIME
Sensor: 22.7*C, 38.2%
stack: 2048 out of 8192
GC: total: 36288, used: 24864, free: 11424
 No. of 1-blocks: 289, 2-blocks: 58, max blk sz: 264, max free sz: 233
13:20:04 - DAY TIME
13:20:05 - DAY TIME
13:20:06 - DAY TIME
13:20:07 - DAY TIME
13:20:08 - DAY TIME
Sensor: 22.7*C, 38.1%
13:20:09 - DAY TIME
13:20:10 - DAY TIME
13:20:11 - DAY TIME
13:20:12 - DAY TIME
stack: 2048 out of 8192
GC: total: 36288, used: 24848, free: 11440
 No. of 1-blocks: 288, 2-blocks: 58, max blk sz: 264, max free sz: 233
13:20:13 - DAY TIME
Sensor: 22.7*C, 38.1%
Message published (22.70*C, 37.99%)
NTP synchronization completed.
13:20:15 - DAY TIME
13:20:15 - DAY TIME
13:20:16 - DAY TIME
13:20:17 - DAY TIME
13:20:18 - DAY TIME
Sensor: 22.7*C, 38.2%
13:20:19 - DAY TIME
13:20:20 - DAY TIME
13:20:21 - DAY TIME
13:20:22 - DAY TIME
13:20:23 - DAY TIME
Sensor: 22.7*C, 38.1%
stack: 2048 out of 8192
GC: total: 36288, used: 24864, free: 11424
 No. of 1-blocks: 289, 2-blocks: 58, max blk sz: 264, max free sz: 233
13:20:24 - DAY TIME
13:20:25 - DAY TIME
13:20:26 - DAY TIME
13:20:27 - DAY TIME
13:20:28 - DAY TIME
Sensor: 22.7*C, 38.1%
13:20:29 - DAY TIME
13:20:30 - DAY TIME
13:20:31 - DAY TIME
13:20:32 - DAY TIME
13:20:33 - DAY TIME
Sensor: 22.7*C, 38.1%
stack: 2048 out of 8192
GC: total: 36288, used: 24864, free: 11424
 No. of 1-blocks: 289, 2-blocks: 58, max blk sz: 264, max free sz: 233
13:20:34 - DAY TIME
13:20:35 - DAY TIME
13:20:36 - DAY TIME
13:20:37 - DAY TIME
13:20:38 - DAY TIME
Sensor: 22.7*C, 38.1%
13:20:39 - DAY TIME
13:20:40 - DAY TIME
13:20:41 - DAY TIME
13:20:42 - DAY TIME
stack: 2048 out of 8192
GC: total: 36288, used: 24848, free: 11440
 No. of 1-blocks: 288, 2-blocks: 58, max blk sz: 264, max free sz: 233
13:20:43 - DAY TIME
Sensor: 22.7*C, 38.1%
13:20:44 - DAY TIME
13:20:45 - DAY TIME
13:20:46 - DAY TIME
13:20:47 - DAY TIME
13:20:48 - DAY TIME
Sensor: 22.6*C, 38.0%
13:20:49 - DAY TIME
13:20:50 - DAY TIME
13:20:51 - DAY TIME
13:20:52 - DAY TIME
13:20:53 - DAY TIME
Sensor: 22.7*C, 38.1%
stack: 2048 out of 8192
GC: total: 36288, used: 24864, free: 11424
 No. of 1-blocks: 289, 2-blocks: 58, max blk sz: 264, max free sz: 233
13:20:54 - DAY TIME
13:20:55 - DAY TIME
13:20:56 - DAY TIME
13:20:57 - DAY TIME
13:20:58 - DAY TIME
Sensor: 22.7*C, 38.1%
13:20:59 - DAY TIME
13:21:00 - DAY TIME
13:21:01 - DAY TIME
13:21:02 - DAY TIME
13:21:03 - DAY TIME
Sensor: 22.7*C, 38.1%
stack: 2048 out of 8192
GC: total: 36288, used: 24864, free: 11424
 No. of 1-blocks: 289, 2-blocks: 58, max blk sz: 264, max free sz: 233
13:21:04 - DAY TIME
13:21:05 - DAY TIME
13:21:06 - DAY TIME
13:21:07 - DAY TIME
13:21:08 - DAY TIME
Sensor: 22.7*C, 38.1%
13:21:09 - DAY TIME
13:21:10 - DAY TIME
13:21:11 - DAY TIME
13:21:12 - DAY TIME
13:21:13 - DAY TIME
Sensor: 22.7*C, 38.1%
Message published (22.69*C, 38.06%)
NTP synchronization completed.
stack: 2048 out of 8192
GC: total: 36288, used: 24848, free: 11440
 No. of 1-blocks: 288, 2-blocks: 58, max blk sz: 264, max free sz: 233
13:21:15 - DAY TIME
13:21:16 - DAY TIME
13:21:17 - DAY TIME
13:21:18 - DAY TIME
13:21:19 - DAY TIME
Sensor: 22.7*C, 38.1%
13:21:20 - DAY TIME
13:21:21 - DAY TIME
13:21:22 - DAY TIME
13:21:23 - DAY TIME
13:21:24 - DAY TIME
Sensor: 22.7*C, 38.1%
stack: 2048 out of 8192
GC: total: 36288, used: 24864, free: 11424
 No. of 1-blocks: 289, 2-blocks: 58, max blk sz: 264, max free sz: 233
13:21:25 - DAY TIME
13:21:26 - DAY TIME
13:21:27 - DAY TIME
13:21:28 - DAY TIME
13:21:29 - DAY TIME
Sensor: 22.7*C, 38.1%
13:21:30 - DAY TIME
13:21:31 - DAY TIME
13:21:32 - DAY TIME
13:21:33 - DAY TIME
13:21:34 - DAY TIME
Sensor: 22.7*C, 38.0%
stack: 2048 out of 8192
GC: total: 36288, used: 24864, free: 11424
 No. of 1-blocks: 289, 2-blocks: 58, max blk sz: 264, max free sz: 233
13:21:35 - DAY TIME
13:21:36 - DAY TIME
13:21:37 - DAY TIME
13:21:38 - DAY TIME
13:21:39 - DAY TIME
Sensor: 22.7*C, 38.0%
13:21:40 - DAY TIME
13:21:41 - DAY TIME
13:21:42 - DAY TIME
13:21:43 - DAY TIME
13:21:44 - DAY TIME
Sensor: 22.7*C, 37.9%
stack: 2048 out of 8192
GC: total: 36288, used: 24864, free: 11424
 No. of 1-blocks: 289, 2-blocks: 58, max blk sz: 264, max free sz: 233
13:21:45 - DAY TIME
13:21:46 - DAY TIME
13:21:47 - DAY TIME
13:21:48 - DAY TIME
13:21:49 - DAY TIME
Sensor: 22.7*C, 37.9%
13:21:50 - DAY TIME
13:21:51 - DAY TIME
13:21:52 - DAY TIME
13:21:53 - DAY TIME
13:21:54 - DAY TIME
Sensor: 22.7*C, 37.9%
stack: 2048 out of 8192
GC: total: 36288, used: 24864, free: 11424
 No. of 1-blocks: 289, 2-blocks: 58, max blk sz: 264, max free sz: 233
13:21:55 - DAY TIME
13:21:56 - DAY TIME
13:21:57 - DAY TIME
13:21:58 - DAY TIME
13:21:59 - DAY TIME
Sensor: 22.7*C, 37.9%
13:22:00 - DAY TIME
13:22:01 - DAY TIME
13:22:02 - DAY TIME
13:22:03 - DAY TIME
13:22:04 - DAY TIME
Sensor: 22.7*C, 37.9%
stack: 2048 out of 8192
GC: total: 36288, used: 24864, free: 11424
 No. of 1-blocks: 289, 2-blocks: 58, max blk sz: 264, max free sz: 233
13:22:05 - DAY TIME
13:22:06 - DAY TIME
13:22:07 - DAY TIME
13:22:08 - DAY TIME
13:22:09 - DAY TIME
Sensor: 22.7*C, 37.9%
13:22:10 - DAY TIME
13:22:11 - DAY TIME
13:22:12 - DAY TIME
13:22:13 - DAY TIME
13:22:14 - DAY TIME
Sensor: 22.7*C, 37.9%
Message published (22.70*C, 37.98%)
NTP synchronization completed.
stack: 2048 out of 8192
GC: total: 36288, used: 24848, free: 11440
 No. of 1-blocks: 288, 2-blocks: 58, max blk sz: 264, max free sz: 233
13:22:15 - DAY TIME
13:22:16 - DAY TIME
13:22:17 - DAY TIME
13:22:18 - DAY TIME
13:22:19 - DAY TIME
Sensor: 22.7*C, 37.9%
13:22:20 - DAY TIME
13:22:21 - DAY TIME
13:22:22 - DAY TIME
13:22:23 - DAY TIME
13:22:24 - DAY TIME
Sensor: 22.7*C, 38.0%
stack: 2048 out of 8192
GC: total: 36288, used: 24864, free: 11424
 No. of 1-blocks: 289, 2-blocks: 58, max blk sz: 264, max free sz: 233
13:22:25 - DAY TIME
13:22:26 - DAY TIME
13:22:27 - DAY TIME
13:22:28 - DAY TIME
13:22:29 - DAY TIME
Sensor: 22.7*C, 38.2%
13:22:30 - DAY TIME
13:22:31 - DAY TIME
13:22:32 - DAY TIME
13:22:33 - DAY TIME
13:22:34 - DAY TIME
Sensor: 22.7*C, 38.2%
stack: 2048 out of 8192
GC: total: 36288, used: 24864, free: 11424
 No. of 1-blocks: 289, 2-blocks: 58, max blk sz: 264, max free sz: 233
13:22:35 - DAY TIME
13:22:36 - DAY TIME
13:22:37 - DAY TIME
13:22:38 - DAY TIME
13:22:39 - DAY TIME
Sensor: 22.7*C, 38.2%
13:22:40 - DAY TIME
13:22:41 - DAY TIME
13:22:42 - DAY TIME
13:22:43 - DAY TIME
13:22:44 - DAY TIME
Sensor: 22.7*C, 38.3%
stack: 2048 out of 8192
GC: total: 36288, used: 24864, free: 11424
 No. of 1-blocks: 289, 2-blocks: 58, max blk sz: 264, max free sz: 233
13:22:45 - DAY TIME
13:22:46 - DAY TIME
13:22:47 - DAY TIME
13:22:48 - DAY TIME
13:22:49 - DAY TIME
Sensor: 22.7*C, 38.2%
13:22:50 - DAY TIME
13:22:51 - DAY TIME
13:22:52 - DAY TIME
13:22:53 - DAY TIME
13:22:54 - DAY TIME
Sensor: 22.7*C, 38.1%
stack: 2048 out of 8192
GC: total: 36288, used: 24864, free: 11424
 No. of 1-blocks: 289, 2-blocks: 58, max blk sz: 264, max free sz: 233
13:22:55 - DAY TIME
13:22:56 - DAY TIME
13:22:57 - DAY TIME
13:22:58 - DAY TIME
13:22:59 - DAY TIME
Sensor: 22.7*C, 38.1%
13:23:00 - DAY TIME
13:23:01 - DAY TIME
13:23:02 - DAY TIME
13:23:03 - DAY TIME

-----------------------------------------------
Date: 04.02.2021 - 13:23:03
End log file
